==STACK 1== [ 0xff9ac0bf ]
0x25000000 0x70252070 0x20702520 0x25207025 0x70252070 0x20702520 0x25207025 0x70252070 0x20702520 0x25207025 0x70252070 0x20702520 0x25207025 0x70252070 0x20702520 0x25207025 0x70252070 0x20702520 0x25207025 0x70252070 0x20702520 0x25207025 0x70252070 0x20702520 0x25207025 0x70252070 0x20702520 0x25207025 0x70252070 0x20702520 0x25207025 0x70252070 0x20702520 0x25207025 0x70252070 0x20702520 0x25207025 0x70252070 0x20702520 0x25207025 0x70252070 0x20702520 0x25207025 0x70252070 0x20702520 0x25207025 0x70252070 0x20702520 0x25207025 0x70252070 0x20702520 0x25207025 0x70252070 0x20702520 0x25207025 0x70252070 0x20702520 0x25207025 0x70252070 0x20702520 0x25207025 0x70252070 0x20702520 0x25207025 0x70252070 0x20702520 0x25207025 0x70252070 0x20702520 0x25207025 0x70252070 0x20702520 0x25207025 0x70252070 0x20702520 0x25207025 0x70252070 0x20702520 0x25207025 0x70252070 0x20702520 0x25207025 0x70252070 0x20702520 0x25207025 0x70252070 0x20702520 0x25207025 0x70252070 0x20702520 0x25207025 0x70252070 0x20702520 0x25207025 0x70252070 0x20702520 0x25207025 0x70252070 0x20702520 0x25207025 0x70252070 0x20702520 0x25207025 0x70252070 0x20702520 0x25207025 0x70252070 0x20702520 0x25207025 0x70252070 0x20702520 0x25207025 0x70252070 0x20702520 0x25207025 0x70252070 0x20702520 0x25207025 0x70252070 0x20702520 0x25207025 0x70252070 0x20702520 0x25207025 0x70252070 0x20702520 0x25207025 0x70252070 0x39002520 0x373434 (nil) (nil) 0xf7d08e81 0x1 0xff9ac164 0xff9ac16c 0xff9ac0f4 0x1 0xff9ac164 0xf7ec8000 0xf7efc75a 0xff9ac160 (nil) 0xf7ec8000 (nil) (nil) 0xc1736b59 0x55ee4d49 (nil) (nil) (nil) 0x40 0xf7f14024 (nil) (nil) 0xf7efc869 0x565fdfbc 0x1 0x565fc520 (nil) 0x565fc551 0x565fc6ad 0x1 0xff9ac164 0x565fc7e0 0x565fc840 0xf7efc9b0 0xff9ac15c 0xf7f14940 0x1 
==========


==STACK 2== [ 0xff981b7f ] (start-> finish)
0x25000000 0x70252070 0x20702520 0x25207025 0x70252070 0x20702520 0x25207025 0x70252070 0x20702520 0x25207025 0x70252070 0x20702520 0x25207025 0x70252070 0x20702520 0x25207025 0x70252070 0x20702520 0x25207025 0x70252070 0x20702520 0x25207025 0x70252070 0x20702520 0x25207025 0x70252070 0x20702520 0x25207025 0x70252070 0x20702520 0x25207025 0x70252070 0x20702520 0x25207025 0x70252070 0x20702520 0x25207025 0x70252070 0x20702520 0x25207025 0x70252070 0x20702520 0x25207025 0x70252070 0x20702520 0x25207025 0x70252070 0x20702520 0x25207025 0x70252070 0x20702520 0x25207025 0x70252070 0x20702520 0x25207025 0x70252070 0x20702520 0x25207025 0x70252070 0x20702520 0x25207025 0x70252070 0x20702520 0x25207025 0x70252070 0x20702520 0x25207025 0x70252070 0x20702520 0x25207025 0x70252070 0x20702520 0x25207025 0x70252070 0x20702520 0x25207025 0x70252070 0x20702520 0x25207025 0x70252070 0x20702520 0x25207025 0x70252070 0x20702520 0x25207025 0x70252070 0x20702520 0x25207025 0x70252070 0x20702520 0x25207025 0x70252070 0x20702520 0x25207025 0x70252070 0x20702520 0x25207025 0x70252070 0x20702520 0x25207025 0x70252070 0x20702520 0x25207025 0x70252070 0x20702520 0x25207025 0x70252070 0x20702520 0x25207025 0x70252070 0x20702520 0x25207025 0x70252070 0x20702520 0x25207025 0x70252070 0x20702520 0x25207025 0x70252070 0x20702520 0x25207025 0x70252070 0x20702520 0x25207025 0x70252070 0x20702520 0x25207025 0x70252070 0x39002520 0x373434 (nil) (nil) 0xf7d0ee81 0x1 0xff981c24 0xff981c2c 0xff981bb4 0x1 0xff981c24 0xf7ece000 0xf7f0275a 0xff981c20 (nil) 0xf7ece000 (nil) (nil) 0xd52d7c32 0x44c6da22 (nil) (nil) (nil) 0x40 0xf7f1a024 (nil) (nil) 0xf7f02869 0x56635fbc 0x1 0x56634520 (nil) 0x56634551 0x566346ad 0x1 0xff981c24 0x566347e0 0x56634840 0xf7f029b0 0xff981c1c 0xf7f1a940 0x1 
=================


== Stack 3 == [ 0xffc0b40f ]
You say, 
0x25000000 0x70252070 0x20702520 0x25207025 0x70252070 0x20702520 0x25207025 0x70252070 0x20702520 0x25207025 0x70252070 0x20702520 0x25207025 0x70252070 0x20702520 0x25207025 0x70252070 0x20702520 0x25207025 0x70252070 0x20702520 0x25207025 0x70252070 0x20702520 0x25207025 0x70252070 0x20702520 0x25207025 0x70252070 0x20702520 0x25207025 0x70252070 0x20702520 0x25207025 0x70252070 0x20702520 0x25207025 0x70252070 0x20702520 0x25207025 0x70252070 0x20702520 0x25207025 0x70252070 0x20702520 0x25207025 0x70252070 0x20702520 0x25207025 0x70252070 0x20702520 0x25207025 0x70252070 0x20702520 0x25207025 0x70252070 0x20702520 0x25207025 0x70252070 0x20702520 0x25207025 0x70252070 0x20702520 0x25207025 0x70252070 0x20702520 0x25207025 0x70252070 0x20702520 0x25207025 0x70252070 0x20702520 0x25207025 0x70252070 0x20702520 0x25207025 0x70252070 0x20702520 0x25207025 0x70252070 0x20702520 0x25207025 0x70252070 0x20702520 0x25207025 0x70252070 0x20702520 0x25207025 0x70252070 0x20702520 0x25207025 0x70252070 0x20702520 0x25207025 0x70252070 0x20702520 0x25207025 0x70252070 0x20702520 0x25207025 0x70252070 0x20702520 0x25207025 0x70252070 0x20702520 0x25207025 0x70252070 0x20702520 0x25207025 0x70252070 0x20702520 0x25207025 0x70252070 0x20702520 0x25207025 0x70252070 0x20702520 0x25207025 0x70252070 0x20702520 0x25207025 0x70252070 0x20702520 0x25207025 0x70252070 0x20702520 0x25207025 0x70252070 0x39002520 0x373434 (nil) (nil) 0xf7d57e81 0x1 0xffc0b4b4 0xffc0b4bc 0xffc0b444 0x1 0xffc0b4b4 0xf7f17000 0xf7f4b75a 0xffc0b4b0 (nil) 0xf7f17000 (nil) (nil) 0x72d566d6 0x5941a0c6 (nil) (nil) (nil) 0x40 0xf7f63024 (nil) (nil) 0xf7f4b869 0x56581fbc 0x1 0x56580520 (nil) 0x56580551 0x565806ad 0x1 0xffc0b4b4 0x565807e0 0x56580840 0xf7f4b9b0 0xffc0b4ac 0xf7f63940 0x1 
===============




== Stack 3 (REWRITTEN INTO MOD 5) == [ 0xffc0b40f ]
You say, 
0x25000000 0x70252070 0x20702520 0x25207025 0x70252070
0x20702520 0x25207025 0x70252070 0x20702520 0x25207025
0x70252070 0x20702520 0x25207025 0x70252070 0x20702520
0x25207025 0x70252070 0x20702520 0x25207025 0x70252070
0x20702520 0x25207025 0x70252070 0x20702520 0x25207025
0x70252070 0x20702520 0x25207025 0x70252070 0x20702520
0x25207025 0x70252070 0x20702520 0x25207025 0x70252070
0x20702520 0x25207025 0x70252070 0x20702520 0x25207025
0x70252070 0x20702520 0x25207025 0x70252070 0x20702520
0x25207025 0x70252070 0x20702520 0x25207025 0x70252070	[10]
0x20702520 0x25207025 0x70252070 0x20702520 0x25207025
0x70252070 0x20702520 0x25207025 0x70252070 0x20702520
0x25207025 0x70252070 0x20702520 0x25207025 0x70252070
0x20702520 0x25207025 0x70252070 0x20702520 0x25207025
0x70252070 0x20702520 0x25207025 0x70252070 0x20702520
0x25207025 0x70252070 0x20702520 0x25207025 0x70252070
0x20702520 0x25207025 0x70252070 0x20702520 0x25207025
0x70252070 0x20702520 0x25207025 0x70252070 0x20702520
0x25207025 0x70252070 0x20702520 0x25207025 0x70252070
0x20702520 0x25207025 0x70252070 0x20702520 0x25207025	[20]
0x70252070 0x20702520 0x25207025 0x70252070 0x20702520
0x25207025 0x70252070 0x20702520 0x25207025 0x70252070
0x20702520 0x25207025 0x70252070 0x20702520 0x25207025
0x70252070 0x20702520 0x25207025 0x70252070 0x20702520
0x25207025 0x70252070 0x20702520 0x25207025 0x70252070	[...B40F]
0x20702520 0x25207025 0x70252070 0x39002520 0x373434
(nil)      (nil)      0xf7d57e81 0x1        0xffc0b4b4	[....>]
0xffc0b4bc 0xffc0b444 0x1        0xffc0b4b4 0xf7f17000	[>>.>.]
0xf7f4b75a 0xffc0b4b0 (nil)      0xf7f17000 (nil)	[.>...]
(nil)      0x72d566d6 0x5941a0c6 (nil)      (nil)	[30]
(nil)      0x40       0xf7f63024 (nil)      (nil)
0xf7f4b869 0x56581fbc 0x1        0x56580520 (nil)
0x56580551 0x565806ad 0x1        0xffc0b4b4 0x565807e0	[...>.]
0x56580840 0xf7f4b9b0 0xffc0b4ac 0xf7f63940 0x1 	[..>..]
===============


